-------------------------------------------------------------------------------
Test set: com.programmingtechie.orderservice.OrderServiceApplicationTests
-------------------------------------------------------------------------------
Tests run: 1, Failures: 0, Errors: 1, Skipped: 0, Time elapsed: 0.007 s <<< FAILURE! - in com.programmingtechie.orderservice.OrderServiceApplicationTests
com.programmingtechie.orderservice.OrderServiceApplicationTests  Time elapsed: 0.007 s  <<< ERROR!
java.lang.IllegalStateException: Unable to find a @SpringBootConfiguration, you need to use @ContextConfiguration or @SpringBootTest(classes=...) with your test

